<?xml version="1.0" encoding="UTF-8"?>
<!-- Generated by org.testng.reporters.JUnitReportReporter -->
<testsuite hostname="Muneet" failures="0" tests="2" name="firstTest" time="30.903" errors="0" timestamp="2024-08-10T14:19:32 IST" skipped="0">
  <testcase classname="firstTest" name="openGoogle" time="21.357"/>
  <testcase classname="firstTest" name="openSC" time="9.546"/>
</testsuite> <!-- firstTest -->
